
项目统一域名:
    js.com

1. 下载项目：
    composer create-project laravel/laravel laravel54 "5.4.*"

2. 本地启动项目：
    php artisan serve
    或者  php artisan serve --port=8888

3. 保证项目的storage具有读写权限
4. 创建数据库迁移文件表:
    php artisan migrate:install

5. 现在安装完成后进行nginx配置:
    location / {
        try_files $uri $uri/ /index.php?$query_string;
    }

6. 注意路由的先后顺序，有时候如果不规定路由参数的类型，会导致错误的路由拦截：
    Route::get('/posts/create', '\App\Http\Controllers\PostController@create');
    Route::get('/posts/{post}', '\App\Http\Controllers\PostController@show');
    先后顺序的不一样，会出现不同的页面跳转，一定要规定参数的类型

7. 引用wangeditor.js编辑器时，css、fonts、js这三个目录都要存在，并且要在同一级。
8. php artisan tinker
   用来直接测试使用模型，避免总是去创建路由规则

9. 使用php artisan tinker 进行数据填充
    factory(App\Post::class,20)->create();

10. php artisan storage:link






